Arguments: 
  /usr/local/Cellar/node/10.10.0/bin/node /usr/local/Cellar/yarn/1.9.4/libexec/bin/yarn.js init

PATH: 
  /usr/local/bin:/usr/bin:/bin:/usr/sbin:/sbin

Yarn version: 
  1.9.4

Node version: 
  10.10.0

Platform: 
  darwin x64

Trace: 
  Error: canceled
      at Interface.<anonymous> (/usr/local/Cellar/yarn/1.9.4/libexec/lib/cli.js:126002:13)
      at Interface.emit (events.js:182:13)
      at Interface._ttyWrite (readline.js:783:16)
      at ReadStream.onkeypress (readline.js:168:10)
      at ReadStream.emit (events.js:182:13)
      at emitKeys (internal/readline.js:424:14)
      at emitKeys.next (<anonymous>)
      at ReadStream.onData (readline.js:1022:36)
      at ReadStream.emit (events.js:182:13)
      at addChunk (_stream_readable.js:283:12)

npm manifest: 
  {
    "dependencies": {
      "body-parser": "^1.18.3",
      "express": "^4.16.3",
      "express-react-views": "^0.10.5",
      "morgan": "^1.9.1",
      "pg": "^7.4.3",
      "react": "^16.5.2",
      "react-dom": "^16.5.2",
      "sequelize": "^4.39.0",
      "sequelize-cli": "^4.1.1"
    },
    "scripts": {
      "dev": "nodemon",
      "lint": "eslint . --fix",
      "db:init": "dropdb --if-exists fooder_dev && createdb fooder_dev",
      "db:reset": "./scripts/resetDB",
      "db:seed": "./scripts/seedDB"
    },
    "name": "Fooder_Project2",
    "version": "1.0.0",
    "main": "server.js",
    "license": "MIT",
    "description": "Meal Planner crud app with sequelize",
    "author": "Misha Holzman <mcholzman1@gmail.com>",
    "devDependencies": {
      "eslint": "^5.6.0",
      "eslint-config-airbnb-base": "^13.1.0",
      "eslint-plugin-import": "^2.14.0",
      "nodemon": "^1.18.4"
    }
  }

yarn manifest: 
  No manifest

Lockfile: 
  No lockfile
